CANONICAL RUNTIME PATH
- invoked by: remote-executor.mjs
- public operator cli: ./skyequanta -> skyequanta.mjs
- one-command operator path: ./START_HERE.sh -> START_HERE.sh
- launcher: ./skyequanta start -> apps/skyequanta-shell/bin/launch.mjs
- bridge/runtime: ./skyequanta bridge:start -> apps/skyequanta-shell/bin/bridge.mjs
- workspace manager: apps/skyequanta-shell/lib/workspace-manager.mjs
- executor: apps/skyequanta-shell/bin/remote-executor.mjs
- proof runner: apps/skyequanta-shell/bin/workspace-proof-section3-truthpath.mjs
- deploy runner: apps/skyequanta-shell/bin/doctor.mjs
- docs: docs/CANONICAL_RUNTIME_PATHS.md
CANONICAL RUNTIME PATH
- invoked by: remote-executor.mjs
- public operator cli: ./skyequanta -> skyequanta.mjs
- one-command operator path: ./START_HERE.sh -> START_HERE.sh
- launcher: ./skyequanta start -> apps/skyequanta-shell/bin/launch.mjs
- bridge/runtime: ./skyequanta bridge:start -> apps/skyequanta-shell/bin/bridge.mjs
- workspace manager: apps/skyequanta-shell/lib/workspace-manager.mjs
- executor: apps/skyequanta-shell/bin/remote-executor.mjs
- proof runner: apps/skyequanta-shell/bin/workspace-proof-section3-truthpath.mjs
- deploy runner: apps/skyequanta-shell/bin/doctor.mjs
- docs: docs/CANONICAL_RUNTIME_PATHS.md
CANONICAL RUNTIME PATH
- invoked by: remote-executor.mjs
- public operator cli: ./skyequanta -> skyequanta.mjs
- one-command operator path: ./START_HERE.sh -> START_HERE.sh
- launcher: ./skyequanta start -> apps/skyequanta-shell/bin/launch.mjs
- bridge/runtime: ./skyequanta bridge:start -> apps/skyequanta-shell/bin/bridge.mjs
- workspace manager: apps/skyequanta-shell/lib/workspace-manager.mjs
- executor: apps/skyequanta-shell/bin/remote-executor.mjs
- proof runner: apps/skyequanta-shell/bin/workspace-proof-section3-truthpath.mjs
- deploy runner: apps/skyequanta-shell/bin/doctor.mjs
- docs: docs/CANONICAL_RUNTIME_PATHS.md
CANONICAL RUNTIME PATH
- invoked by: remote-executor.mjs
- public operator cli: ./skyequanta -> skyequanta.mjs
- one-command operator path: ./START_HERE.sh -> START_HERE.sh
- launcher: ./skyequanta start -> apps/skyequanta-shell/bin/launch.mjs
- bridge/runtime: ./skyequanta bridge:start -> apps/skyequanta-shell/bin/bridge.mjs
- workspace manager: apps/skyequanta-shell/lib/workspace-manager.mjs
- executor: apps/skyequanta-shell/bin/remote-executor.mjs
- proof runner: apps/skyequanta-shell/bin/workspace-proof-section3-truthpath.mjs
- deploy runner: apps/skyequanta-shell/bin/doctor.mjs
- docs: docs/CANONICAL_RUNTIME_PATHS.md
Error: ENOENT: no such file or directory, mkdir '/mnt/data/work/SkyeHands-main_stage40_pass35_evidence_closure_source/.skyequanta/workspace-runtime/remote-default/logs'
    at Object.mkdirSync (node:fs:1391:3)
    at ensureDirectory (file:///home/lordkaixu/ALPHA-13/s332-/SkyeHands-main/Dynasty-Versions/apps/skyequanta-shell/bin/remote-executor.mjs:11:6)
    at cleanupWorkspaceLogs (file:///home/lordkaixu/ALPHA-13/s332-/SkyeHands-main/Dynasty-Versions/apps/skyequanta-shell/bin/remote-executor.mjs:245:3)
    at sanitizeRuntimeTable (file:///home/lordkaixu/ALPHA-13/s332-/SkyeHands-main/Dynasty-Versions/apps/skyequanta-shell/bin/remote-executor.mjs:377:20)
    at main (file:///home/lordkaixu/ALPHA-13/s332-/SkyeHands-main/Dynasty-Versions/apps/skyequanta-shell/bin/remote-executor.mjs:596:26)
    at file:///home/lordkaixu/ALPHA-13/s332-/SkyeHands-main/Dynasty-Versions/apps/skyequanta-shell/bin/remote-executor.mjs:675:1
    at ModuleJob.run (node:internal/modules/esm/module_job:195:25)
    at async ModuleLoader.import (node:internal/modules/esm/loader:337:24)
    at async loadESM (node:internal/process/esm_loader:34:7)
    at async handleMainPromise (node:internal/modules/run_main:106:12)
CANONICAL RUNTIME PATH
- invoked by: remote-executor.mjs
- public operator cli: ./skyequanta -> skyequanta.mjs
- one-command operator path: ./START_HERE.sh -> START_HERE.sh
- launcher: ./skyequanta start -> apps/skyequanta-shell/bin/launch.mjs
- bridge/runtime: ./skyequanta bridge:start -> apps/skyequanta-shell/bin/bridge.mjs
- workspace manager: apps/skyequanta-shell/lib/workspace-manager.mjs
- executor: apps/skyequanta-shell/bin/remote-executor.mjs
- proof runner: apps/skyequanta-shell/bin/workspace-proof-section3-truthpath.mjs
- deploy runner: apps/skyequanta-shell/bin/doctor.mjs
- docs: docs/CANONICAL_RUNTIME_PATHS.md
Error: ENOENT: no such file or directory, mkdir '/mnt/data/work/SkyeHands-main_stage40_pass35_evidence_closure_source/.skyequanta/workspace-runtime/remote-default/logs'
    at Object.mkdirSync (node:fs:1391:3)
    at ensureDirectory (file:///home/lordkaixu/ALPHA-13/s332-/SkyeHands-main/Dynasty-Versions/apps/skyequanta-shell/bin/remote-executor.mjs:11:6)
    at cleanupWorkspaceLogs (file:///home/lordkaixu/ALPHA-13/s332-/SkyeHands-main/Dynasty-Versions/apps/skyequanta-shell/bin/remote-executor.mjs:245:3)
    at sanitizeRuntimeTable (file:///home/lordkaixu/ALPHA-13/s332-/SkyeHands-main/Dynasty-Versions/apps/skyequanta-shell/bin/remote-executor.mjs:377:20)
    at main (file:///home/lordkaixu/ALPHA-13/s332-/SkyeHands-main/Dynasty-Versions/apps/skyequanta-shell/bin/remote-executor.mjs:596:26)
    at file:///home/lordkaixu/ALPHA-13/s332-/SkyeHands-main/Dynasty-Versions/apps/skyequanta-shell/bin/remote-executor.mjs:675:1
    at ModuleJob.run (node:internal/modules/esm/module_job:195:25)
    at async ModuleLoader.import (node:internal/modules/esm/loader:337:24)
    at async loadESM (node:internal/process/esm_loader:34:7)
    at async handleMainPromise (node:internal/modules/run_main:106:12)
CANONICAL RUNTIME PATH
- invoked by: remote-executor.mjs
- public operator cli: ./skyequanta -> skyequanta.mjs
- one-command operator path: ./START_HERE.sh -> START_HERE.sh
- launcher: ./skyequanta start -> apps/skyequanta-shell/bin/launch.mjs
- bridge/runtime: ./skyequanta bridge:start -> apps/skyequanta-shell/bin/bridge.mjs
- workspace manager: apps/skyequanta-shell/lib/workspace-manager.mjs
- executor: apps/skyequanta-shell/bin/remote-executor.mjs
- proof runner: apps/skyequanta-shell/bin/workspace-proof-section3-truthpath.mjs
- deploy runner: apps/skyequanta-shell/bin/doctor.mjs
- docs: docs/CANONICAL_RUNTIME_PATHS.md
Error: ENOENT: no such file or directory, mkdir '/mnt/data/work/SkyeHands-main_stage40_pass35_evidence_closure_source/.skyequanta/workspace-runtime/remote-default/logs'
    at Object.mkdirSync (node:fs:1391:3)
    at ensureDirectory (file:///home/lordkaixu/ALPHA-13/s332-/SkyeHands-main/Dynasty-Versions/apps/skyequanta-shell/bin/remote-executor.mjs:11:6)
    at cleanupWorkspaceLogs (file:///home/lordkaixu/ALPHA-13/s332-/SkyeHands-main/Dynasty-Versions/apps/skyequanta-shell/bin/remote-executor.mjs:245:3)
    at sanitizeRuntimeTable (file:///home/lordkaixu/ALPHA-13/s332-/SkyeHands-main/Dynasty-Versions/apps/skyequanta-shell/bin/remote-executor.mjs:377:20)
    at main (file:///home/lordkaixu/ALPHA-13/s332-/SkyeHands-main/Dynasty-Versions/apps/skyequanta-shell/bin/remote-executor.mjs:596:26)
    at file:///home/lordkaixu/ALPHA-13/s332-/SkyeHands-main/Dynasty-Versions/apps/skyequanta-shell/bin/remote-executor.mjs:675:1
    at ModuleJob.run (node:internal/modules/esm/module_job:195:25)
    at async ModuleLoader.import (node:internal/modules/esm/loader:337:24)
    at async loadESM (node:internal/process/esm_loader:34:7)
    at async handleMainPromise (node:internal/modules/run_main:106:12)
CANONICAL RUNTIME PATH
- invoked by: remote-executor.mjs
- public operator cli: ./skyequanta -> skyequanta.mjs
- one-command operator path: ./START_HERE.sh -> START_HERE.sh
- launcher: ./skyequanta start -> apps/skyequanta-shell/bin/launch.mjs
- bridge/runtime: ./skyequanta bridge:start -> apps/skyequanta-shell/bin/bridge.mjs
- workspace manager: apps/skyequanta-shell/lib/workspace-manager.mjs
- executor: apps/skyequanta-shell/bin/remote-executor.mjs
- proof runner: apps/skyequanta-shell/bin/workspace-proof-section3-truthpath.mjs
- deploy runner: apps/skyequanta-shell/bin/doctor.mjs
- docs: docs/CANONICAL_RUNTIME_PATHS.md
Error: EACCES: permission denied, mkdir '/mnt/data/work/SkyeHands-main_stage40_pass35_evidence_closure_source/.skyequanta/workspace-runtime/remote-default/logs'
    at Object.mkdirSync (node:fs:1391:3)
    at ensureDirectory (file:///home/lordkaixu/ALPHA-13/s332-/SkyeHands-main/Dynasty-Versions/apps/skyequanta-shell/bin/remote-executor.mjs:11:6)
    at cleanupWorkspaceLogs (file:///home/lordkaixu/ALPHA-13/s332-/SkyeHands-main/Dynasty-Versions/apps/skyequanta-shell/bin/remote-executor.mjs:245:3)
    at sanitizeRuntimeTable (file:///home/lordkaixu/ALPHA-13/s332-/SkyeHands-main/Dynasty-Versions/apps/skyequanta-shell/bin/remote-executor.mjs:377:20)
    at main (file:///home/lordkaixu/ALPHA-13/s332-/SkyeHands-main/Dynasty-Versions/apps/skyequanta-shell/bin/remote-executor.mjs:596:26)
    at file:///home/lordkaixu/ALPHA-13/s332-/SkyeHands-main/Dynasty-Versions/apps/skyequanta-shell/bin/remote-executor.mjs:675:1
    at ModuleJob.run (node:internal/modules/esm/module_job:195:25)
    at async ModuleLoader.import (node:internal/modules/esm/loader:337:24)
    at async loadESM (node:internal/process/esm_loader:34:7)
    at async handleMainPromise (node:internal/modules/run_main:106:12)
